#-----------------------------------------------------------
# Vivado v2018.3 (64-bit)
# SW Build 2405991 on Thu Dec  6 23:38:27 MST 2018
# IP Build 2404404 on Fri Dec  7 01:43:56 MST 2018
# Start of session at: Fri Jul 12 15:59:12 2019
# Process ID: 10760
# Current directory: C:/Users/Think/Desktop/func_test_v0.01/soc_sram_func/run_vivado/mycpu_prj1
# Command line: vivado.exe -gui_launcher_event rodinguilauncherevent15820 C:\Users\Think\Desktop\func_test_v0.01\soc_sram_func\run_vivado\mycpu_prj1\mycpu.xpr
# Log file: C:/Users/Think/Desktop/func_test_v0.01/soc_sram_func/run_vivado/mycpu_prj1/vivado.log
# Journal file: C:/Users/Think/Desktop/func_test_v0.01/soc_sram_func/run_vivado/mycpu_prj1\vivado.jou
#-----------------------------------------------------------
start_gui
open_project C:/Users/Think/Desktop/func_test_v0.01/soc_sram_func/run_vivado/mycpu_prj1/mycpu.xpr
INFO: [Project 1-313] Project file moved from 'E:/nscscc2019/develop/func_test_v0.03/soc_sram_func/run_vivado/mycpu_prj1' since last save.
Scanning sources...
Finished scanning sources
WARNING: [Project 1-509] GeneratedRun file for 'synth_1' not found
WARNING: [Project 1-509] GeneratedRun file for 'data_ram_synth_1' not found
WARNING: [Project 1-509] GeneratedRun file for 'clk_pll_synth_1' not found
WARNING: [Project 1-509] GeneratedRun file for 'inst_ram_synth_1' not found
WARNING: [Project 1-509] GeneratedRun file for 'impl_1' not found
WARNING: [filemgmt 56-2] IPUserFilesDir: Could not find the directory 'C:/Users/Think/Desktop/func_test_v0.01/soc_sram_func/run_vivado/mycpu_prj1/mycpu.ip_user_files', nor could it be found using path 'E:/nscscc2019/develop/func_test_v0.03/soc_sram_func/run_vivado/mycpu_prj1/mycpu.ip_user_files'.
INFO: [IP_Flow 19-234] Refreshing IP repositories
INFO: [IP_Flow 19-1704] No user IP repositories specified
INFO: [IP_Flow 19-2313] Loaded Vivado IP repository 'D:/SoftWare/Xilinx/Vivado/Vivado/2018.3/data/ip'.
INFO: [Device 21-403] Loading part xc7a200tfbg676-2
open_project: Time (s): cpu = 00:01:02 ; elapsed = 00:01:11 . Memory (MB): peak = 981.402 ; gain = 420.445
update_compile_order -fileset sources_1
launch_runs synth_1 -jobs 2
INFO: [IP_Flow 19-1686] Generating 'Synthesis' target for IP 'data_ram'...
INFO: [IP_Flow 19-1686] Generating 'Synthesis' target for IP 'clk_pll'...
INFO: [IP_Flow 19-1686] Generating 'Implementation' target for IP 'clk_pll'...
INFO: [IP_Flow 19-1686] Generating 'Synthesis' target for IP 'inst_ram'...
[Fri Jul 12 16:02:10 2019] Launched data_ram_synth_1, clk_pll_synth_1, inst_ram_synth_1...
Run output will be captured here:
data_ram_synth_1: C:/Users/Think/Desktop/func_test_v0.01/soc_sram_func/run_vivado/mycpu_prj1/mycpu.runs/data_ram_synth_1/runme.log
clk_pll_synth_1: C:/Users/Think/Desktop/func_test_v0.01/soc_sram_func/run_vivado/mycpu_prj1/mycpu.runs/clk_pll_synth_1/runme.log
inst_ram_synth_1: C:/Users/Think/Desktop/func_test_v0.01/soc_sram_func/run_vivado/mycpu_prj1/mycpu.runs/inst_ram_synth_1/runme.log
[Fri Jul 12 16:02:11 2019] Launched synth_1...
Run output will be captured here: C:/Users/Think/Desktop/func_test_v0.01/soc_sram_func/run_vivado/mycpu_prj1/mycpu.runs/synth_1/runme.log
launch_runs: Time (s): cpu = 00:00:43 ; elapsed = 00:00:44 . Memory (MB): peak = 1009.559 ; gain = 2.680
exit
INFO: [Common 17-206] Exiting Vivado at Fri Jul 12 17:46:33 2019...
